* installing *source* package ‘GPA’ ...
** using staged installation
** libs
make: Nothing to be done for `all'.
make: `symbols.rds' is up to date.
installing to /Users/carterallen/Documents/rdev/GPA_BC/GPA.Rcheck/00LOCK-GPA/00new/GPA/libs
** R
** inst
** byte-compile and prepare package for lazy loading
Creating a new generic function for ‘cov’ in package ‘GPA’
** help
*** installing help indices
** building package indices
** installing vignettes
** testing if installed package can be loaded from temporary location
Error: package or namespace load failed for ‘GPA’ in dyn.load(file, DLLpath = DLLpath, ...):
 unable to load shared object '/Users/carterallen/Documents/rdev/GPA_BC/GPA.Rcheck/00LOCK-GPA/00new/GPA/libs/GPA.so':
  dlopen(/Users/carterallen/Documents/rdev/GPA_BC/GPA.Rcheck/00LOCK-GPA/00new/GPA/libs/GPA.so, 6): no suitable image found.  Did find:
	/Users/carterallen/Documents/rdev/GPA_BC/GPA.Rcheck/00LOCK-GPA/00new/GPA/libs/GPA.so: unknown file type, first eight bytes: 0x7F 0x45 0x4C 0x46 0x02 0x01 0x01 0x00
	/Users/carterallen/Documents/rdev/GPA_BC/GPA.Rcheck/00LOCK-GPA/00new/GPA/libs/GPA.so: unknown file type, first eight bytes: 0x7F 0x45 0x4C 0x46 0x02 0x01 0x01 0x00
Error: loading failed
Execution halted
ERROR: loading failed
* removing ‘/Users/carterallen/Documents/rdev/GPA_BC/GPA.Rcheck/GPA’
